==========================================
SLURM_JOB_ID = 8398802
SLURM_JOB_NODELIST = t14-3
==========================================
********** 10 Najlepszych Dokładnych Dopasowań Białek Jaccarda **********
+--------------+--------------+------------------+
|mouse_ref     |fish_ref      |jaccard_similarity|
+--------------+--------------+------------------+
|XP_002666951.1|NP_835734.2   |1.0               |
|XP_068073671.1|NP_835734.2   |1.0               |
|XP_009301181.3|NP_783583.1   |1.0               |
|XP_073799541.1|NP_783583.1   |1.0               |
|NP_957395.1   |NP_001357860.1|0.9172932330827067|
|XP_073794228.1|XP_011246071.1|0.8848484848484849|
|NP_998161.1   |NP_001357860.1|0.8823529411764706|
|XP_073777158.1|XP_006534526.1|0.8817114093959731|
|NP_958888.1   |NP_001123880.1|0.8763440860215054|
|XP_068080740.1|XP_030097951.1|0.8687050359712231|
+--------------+--------------+------------------+
only showing top 10 rows

**********************************************************
Podsumowanie czasów wykonania:
krok_1_wczytanie_i_probkowanie: 4.48 sekundy
krok_2_ekstrakcja_sekwencji: 0.05 sekundy
krok_3_generowanie_trojpeptydow: 0.08 sekundy
krok_4_polaczenie_krzyzowe_i_filtrowanie: 0.05 sekundy
krok_5_obliczenie_jaccarda: 0.16 sekundy
krok_6_rangowanie_i_wybor: 872.24 sekundy
krok_7_zapisanie_wynikow: 839.26 sekundy
calkowity_czas_wykonania_sekundy: 1716.32 sekundy
