==========================================
SLURM_JOB_ID = 8417071
SLURM_JOB_NODELIST = t1-16
==========================================
Całkowita liczba unikalnych trójpeptydów: 8070
********** 10 Najlepszych Przybliżonych Podobieństw Białek **********
Traceback (most recent call last):
  File "/lu/topola/home/lboro/omics-projekt-semestralny/minhash.py", line 157, in <module>
    approx_similarities.orderBy(F.asc("JaccardDistance")).show(10, truncate=False) # Sortowanie rosnąco po odległości (najmniejsza odległość -> największe podobieństwo)
    ^^^^^^^^^^^^^^^^^^^^^^^^^^^^^^^^^^^^^^^^^^^^^^^^^^^^^^^^^^^^^^^^^^^^^^^^^^^^^^
  File "/usr/local/lib/python3.12/site-packages/pyspark/python/lib/pyspark.zip/pyspark/sql/dataframe.py", line 972, in show
  File "/usr/local/lib/python3.12/site-packages/pyspark/python/lib/py4j-0.10.9.7-src.zip/py4j/java_gateway.py", line 1322, in __call__
  File "/usr/local/lib/python3.12/site-packages/pyspark/python/lib/pyspark.zip/pyspark/errors/exceptions/captured.py", line 179, in deco
  File "/usr/local/lib/python3.12/site-packages/pyspark/python/lib/py4j-0.10.9.7-src.zip/py4j/protocol.py", line 326, in get_return_value
py4j.protocol.Py4JJavaError: An error occurred while calling o177.showString.
: org.apache.spark.SparkException: Job aborted due to stage failure: Exception while getting task result: java.lang.IllegalStateException: unread block data
	at org.apache.spark.scheduler.DAGScheduler.failJobAndIndependentStages(DAGScheduler.scala:2844)
	at org.apache.spark.scheduler.DAGScheduler.$anonfun$abortStage$2(DAGScheduler.scala:2780)
	at org.apache.spark.scheduler.DAGScheduler.$anonfun$abortStage$2$adapted(DAGScheduler.scala:2779)
	at scala.collection.mutable.ResizableArray.foreach(ResizableArray.scala:62)
	at scala.collection.mutable.ResizableArray.foreach$(ResizableArray.scala:55)
	at scala.collection.mutable.ArrayBuffer.foreach(ArrayBuffer.scala:49)
	at org.apache.spark.scheduler.DAGScheduler.abortStage(DAGScheduler.scala:2779)
	at org.apache.spark.scheduler.DAGScheduler.$anonfun$handleTaskSetFailed$1(DAGScheduler.scala:1242)
	at org.apache.spark.scheduler.DAGScheduler.$anonfun$handleTaskSetFailed$1$adapted(DAGScheduler.scala:1242)
	at scala.Option.foreach(Option.scala:407)
	at org.apache.spark.scheduler.DAGScheduler.handleTaskSetFailed(DAGScheduler.scala:1242)
	at org.apache.spark.scheduler.DAGSchedulerEventProcessLoop.doOnReceive(DAGScheduler.scala:3048)
	at org.apache.spark.scheduler.DAGSchedulerEventProcessLoop.onReceive(DAGScheduler.scala:2982)
	at org.apache.spark.scheduler.DAGSchedulerEventProcessLoop.onReceive(DAGScheduler.scala:2971)
	at org.apache.spark.util.EventLoop$$anon$1.run(EventLoop.scala:49)
	at org.apache.spark.scheduler.DAGScheduler.runJob(DAGScheduler.scala:984)
	at org.apache.spark.SparkContext.runJob(SparkContext.scala:2398)
	at org.apache.spark.SparkContext.runJob(SparkContext.scala:2419)
	at org.apache.spark.SparkContext.runJob(SparkContext.scala:2438)
	at org.apache.spark.SparkContext.runJob(SparkContext.scala:2463)
	at org.apache.spark.rdd.RDD.$anonfun$collect$1(RDD.scala:1046)
	at org.apache.spark.rdd.RDDOperationScope$.withScope(RDDOperationScope.scala:151)
	at org.apache.spark.rdd.RDDOperationScope$.withScope(RDDOperationScope.scala:112)
	at org.apache.spark.rdd.RDD.withScope(RDD.scala:407)
	at org.apache.spark.rdd.RDD.collect(RDD.scala:1045)
	at org.apache.spark.sql.execution.SparkPlan.executeCollectIterator(SparkPlan.scala:455)
	at org.apache.spark.sql.execution.exchange.BroadcastExchangeExec.$anonfun$relationFuture$1(BroadcastExchangeExec.scala:140)
	at org.apache.spark.sql.execution.SQLExecution$.$anonfun$withThreadLocalCaptured$1(SQLExecution.scala:223)
	at java.base/java.util.concurrent.FutureTask.run(FutureTask.java:317)
	at java.base/java.util.concurrent.ThreadPoolExecutor.runWorker(ThreadPoolExecutor.java:1144)
	at java.base/java.util.concurrent.ThreadPoolExecutor$Worker.run(ThreadPoolExecutor.java:642)
	at java.base/java.lang.Thread.run(Thread.java:1583)

