INFO:    Using cached SIF image
ps: invalid option -- 'p'
BusyBox v1.36.1 (2023-10-17 11:19:33 UTC) multi-call binary.

Usage: ps [-o COL1,COL2=HEADER] [-T]

Show list of processes

	-o COL1,COL2=HEADER	Select columns for display
	-T			Show threads
25/10/26 23:21:44 INFO SparkContext: Running Spark version 3.5.0
25/10/26 23:21:44 INFO SparkContext: OS info Linux, 5.14.0-503.19.1.el9_5.x86_64, amd64
25/10/26 23:21:44 INFO SparkContext: Java version 21.0.1-internal
25/10/26 23:21:44 WARN NativeCodeLoader: Unable to load native-hadoop library for your platform... using builtin-java classes where applicable
25/10/26 23:21:44 INFO ResourceUtils: ==============================================================
25/10/26 23:21:44 INFO ResourceUtils: No custom resources configured for spark.driver.
25/10/26 23:21:44 INFO ResourceUtils: ==============================================================
25/10/26 23:21:44 INFO SparkContext: Submitted application: Protein MinHash Similarity
25/10/26 23:21:44 INFO ResourceProfile: Default ResourceProfile created, executor resources: Map(cores -> name: cores, amount: 1, script: , vendor: , memory -> name: memory, amount: 1024, script: , vendor: , offHeap -> name: offHeap, amount: 0, script: , vendor: ), task resources: Map(cpus -> name: cpus, amount: 1.0)
25/10/26 23:21:44 INFO ResourceProfile: Limiting resource is cpu
25/10/26 23:21:44 INFO ResourceProfileManager: Added ResourceProfile id: 0
25/10/26 23:21:45 INFO SecurityManager: Changing view acls to: lboro
25/10/26 23:21:45 INFO SecurityManager: Changing modify acls to: lboro
25/10/26 23:21:45 INFO SecurityManager: Changing view acls groups to: 
25/10/26 23:21:45 INFO SecurityManager: Changing modify acls groups to: 
25/10/26 23:21:45 INFO SecurityManager: SecurityManager: authentication disabled; ui acls disabled; users with view permissions: lboro; groups with view permissions: EMPTY; users with modify permissions: lboro; groups with modify permissions: EMPTY
25/10/26 23:21:45 INFO Utils: Successfully started service 'sparkDriver' on port 45119.
25/10/26 23:21:45 INFO SparkEnv: Registering MapOutputTracker
25/10/26 23:21:45 INFO SparkEnv: Registering BlockManagerMaster
25/10/26 23:21:45 INFO BlockManagerMasterEndpoint: Using org.apache.spark.storage.DefaultTopologyMapper for getting topology information
25/10/26 23:21:45 INFO BlockManagerMasterEndpoint: BlockManagerMasterEndpoint up
25/10/26 23:21:45 INFO SparkEnv: Registering BlockManagerMasterHeartbeat
25/10/26 23:21:45 INFO DiskBlockManager: Created local directory at /tmp/blockmgr-c081e37e-00a8-4070-a5ec-75a86ce1ed70
25/10/26 23:21:45 INFO MemoryStore: MemoryStore started with capacity 413.9 MiB
25/10/26 23:21:45 INFO SparkEnv: Registering OutputCommitCoordinator
25/10/26 23:21:46 INFO JettyUtils: Start Jetty 0.0.0.0:4040 for SparkUI
25/10/26 23:21:46 WARN Utils: Service 'SparkUI' could not bind on port 4040. Attempting port 4041.
25/10/26 23:21:46 WARN Utils: Service 'SparkUI' could not bind on port 4041. Attempting port 4042.
25/10/26 23:21:46 WARN Utils: Service 'SparkUI' could not bind on port 4042. Attempting port 4043.
25/10/26 23:21:46 INFO Utils: Successfully started service 'SparkUI' on port 4043.
25/10/26 23:21:46 INFO Executor: Starting executor ID driver on host t1-11.hpc.icm.edu.pl
25/10/26 23:21:46 INFO Executor: OS info Linux, 5.14.0-503.19.1.el9_5.x86_64, amd64
25/10/26 23:21:46 INFO Executor: Java version 21.0.1-internal
25/10/26 23:21:46 INFO Executor: Starting executor with user classpath (userClassPathFirst = false): ''
25/10/26 23:21:46 INFO Executor: Created or updated repl class loader org.apache.spark.util.MutableURLClassLoader@1b85f79d for default.
25/10/26 23:21:46 INFO Utils: Successfully started service 'org.apache.spark.network.netty.NettyBlockTransferService' on port 41419.
25/10/26 23:21:46 INFO NettyBlockTransferService: Server created on t1-11.hpc.icm.edu.pl:41419
25/10/26 23:21:46 INFO BlockManager: Using org.apache.spark.storage.RandomBlockReplicationPolicy for block replication policy
25/10/26 23:21:46 INFO BlockManagerMaster: Registering BlockManager BlockManagerId(driver, t1-11.hpc.icm.edu.pl, 41419, None)
25/10/26 23:21:46 INFO BlockManagerMasterEndpoint: Registering block manager t1-11.hpc.icm.edu.pl:41419 with 413.9 MiB RAM, BlockManagerId(driver, t1-11.hpc.icm.edu.pl, 41419, None)
25/10/26 23:21:46 INFO BlockManagerMaster: Registered BlockManager BlockManagerId(driver, t1-11.hpc.icm.edu.pl, 41419, None)
25/10/26 23:21:46 INFO BlockManager: Initialized BlockManager: BlockManagerId(driver, t1-11.hpc.icm.edu.pl, 41419, None)
25/10/26 23:21:47 INFO SharedState: Setting hive.metastore.warehouse.dir ('null') to the value of spark.sql.warehouse.dir.
25/10/26 23:21:47 INFO SharedState: Warehouse path is 'file:/lu/topola/home/lboro/omics-projekt-semestralny/spark-warehouse'.
25/10/26 23:21:48 INFO InMemoryFileIndex: It took 101 ms to list leaf files for 1 paths.
25/10/26 23:21:49 INFO SparkContext: Starting job: parquet at NativeMethodAccessorImpl.java:0
25/10/26 23:21:49 INFO DAGScheduler: Got job 0 (parquet at NativeMethodAccessorImpl.java:0) with 1 output partitions
25/10/26 23:21:49 INFO DAGScheduler: Final stage: ResultStage 0 (parquet at NativeMethodAccessorImpl.java:0)
25/10/26 23:21:49 INFO DAGScheduler: Parents of final stage: List()
25/10/26 23:21:49 INFO DAGScheduler: Missing parents: List()
25/10/26 23:21:49 INFO DAGScheduler: Submitting ResultStage 0 (MapPartitionsRDD[1] at parquet at NativeMethodAccessorImpl.java:0), which has no missing parents
25/10/26 23:21:49 INFO MemoryStore: Block broadcast_0 stored as values in memory (estimated size 103.2 KiB, free 413.8 MiB)
25/10/26 23:21:49 INFO MemoryStore: Block broadcast_0_piece0 stored as bytes in memory (estimated size 37.2 KiB, free 413.8 MiB)
25/10/26 23:21:49 INFO BlockManagerInfo: Added broadcast_0_piece0 in memory on t1-11.hpc.icm.edu.pl:41419 (size: 37.2 KiB, free: 413.9 MiB)
25/10/26 23:21:49 INFO SparkContext: Created broadcast 0 from broadcast at DAGScheduler.scala:1580
25/10/26 23:21:49 INFO DAGScheduler: Submitting 1 missing tasks from ResultStage 0 (MapPartitionsRDD[1] at parquet at NativeMethodAccessorImpl.java:0) (first 15 tasks are for partitions Vector(0))
25/10/26 23:21:49 INFO TaskSchedulerImpl: Adding task set 0.0 with 1 tasks resource profile 0
25/10/26 23:21:49 INFO TaskSetManager: Starting task 0.0 in stage 0.0 (TID 0) (t1-11.hpc.icm.edu.pl, executor driver, partition 0, PROCESS_LOCAL, 7803 bytes) 
25/10/26 23:21:49 INFO Executor: Running task 0.0 in stage 0.0 (TID 0)
25/10/26 23:21:50 INFO Executor: Finished task 0.0 in stage 0.0 (TID 0). 2876 bytes result sent to driver
25/10/26 23:21:50 INFO TaskSetManager: Finished task 0.0 in stage 0.0 (TID 0) in 769 ms on t1-11.hpc.icm.edu.pl (executor driver) (1/1)
25/10/26 23:21:50 INFO DAGScheduler: ResultStage 0 (parquet at NativeMethodAccessorImpl.java:0) finished in 1.019 s
25/10/26 23:21:50 INFO DAGScheduler: Job 0 is finished. Cancelling potential speculative or zombie tasks for this job
25/10/26 23:21:50 INFO TaskSchedulerImpl: Removed TaskSet 0.0, whose tasks have all completed, from pool 
25/10/26 23:21:50 INFO TaskSchedulerImpl: Killing all running tasks in stage 0: Stage finished
25/10/26 23:21:50 INFO DAGScheduler: Job 0 finished: parquet at NativeMethodAccessorImpl.java:0, took 1.121479 s
25/10/26 23:21:52 INFO InMemoryFileIndex: It took 6 ms to list leaf files for 1 paths.
25/10/26 23:21:52 INFO SparkContext: Starting job: parquet at NativeMethodAccessorImpl.java:0
25/10/26 23:21:52 INFO DAGScheduler: Got job 1 (parquet at NativeMethodAccessorImpl.java:0) with 1 output partitions
25/10/26 23:21:52 INFO DAGScheduler: Final stage: ResultStage 1 (parquet at NativeMethodAccessorImpl.java:0)
25/10/26 23:21:52 INFO DAGScheduler: Parents of final stage: List()
25/10/26 23:21:52 INFO DAGScheduler: Missing parents: List()
25/10/26 23:21:52 INFO DAGScheduler: Submitting ResultStage 1 (MapPartitionsRDD[3] at parquet at NativeMethodAccessorImpl.java:0), which has no missing parents
25/10/26 23:21:52 INFO MemoryStore: Block broadcast_1 stored as values in memory (estimated size 103.2 KiB, free 413.7 MiB)
25/10/26 23:21:52 INFO MemoryStore: Block broadcast_1_piece0 stored as bytes in memory (estimated size 37.2 KiB, free 413.7 MiB)
25/10/26 23:21:52 INFO BlockManagerInfo: Added broadcast_1_piece0 in memory on t1-11.hpc.icm.edu.pl:41419 (size: 37.2 KiB, free: 413.9 MiB)
25/10/26 23:21:52 INFO SparkContext: Created broadcast 1 from broadcast at DAGScheduler.scala:1580
25/10/26 23:21:52 INFO DAGScheduler: Submitting 1 missing tasks from ResultStage 1 (MapPartitionsRDD[3] at parquet at NativeMethodAccessorImpl.java:0) (first 15 tasks are for partitions Vector(0))
25/10/26 23:21:52 INFO TaskSchedulerImpl: Adding task set 1.0 with 1 tasks resource profile 0
25/10/26 23:21:52 INFO TaskSetManager: Starting task 0.0 in stage 1.0 (TID 1) (t1-11.hpc.icm.edu.pl, executor driver, partition 0, PROCESS_LOCAL, 7802 bytes) 
25/10/26 23:21:52 INFO Executor: Running task 0.0 in stage 1.0 (TID 1)
25/10/26 23:21:52 INFO Executor: Finished task 0.0 in stage 1.0 (TID 1). 2833 bytes result sent to driver
25/10/26 23:21:52 INFO TaskSetManager: Finished task 0.0 in stage 1.0 (TID 1) in 80 ms on t1-11.hpc.icm.edu.pl (executor driver) (1/1)
25/10/26 23:21:52 INFO DAGScheduler: ResultStage 1 (parquet at NativeMethodAccessorImpl.java:0) finished in 0.116 s
25/10/26 23:21:52 INFO DAGScheduler: Job 1 is finished. Cancelling potential speculative or zombie tasks for this job
25/10/26 23:21:52 INFO TaskSchedulerImpl: Removed TaskSet 1.0, whose tasks have all completed, from pool 
25/10/26 23:21:52 INFO TaskSchedulerImpl: Killing all running tasks in stage 1: Stage finished
25/10/26 23:21:52 INFO DAGScheduler: Job 1 finished: parquet at NativeMethodAccessorImpl.java:0, took 0.126189 s
25/10/26 23:21:53 INFO FileSourceStrategy: Pushed Filters: 
25/10/26 23:21:53 INFO FileSourceStrategy: Post-Scan Filters: 
25/10/26 23:21:54 INFO CodeGenerator: Code generated in 447.403459 ms
25/10/26 23:21:54 INFO MemoryStore: Block broadcast_2 stored as values in memory (estimated size 200.7 KiB, free 413.5 MiB)
25/10/26 23:21:54 INFO MemoryStore: Block broadcast_2_piece0 stored as bytes in memory (estimated size 34.7 KiB, free 413.4 MiB)
25/10/26 23:21:54 INFO BlockManagerInfo: Added broadcast_2_piece0 in memory on t1-11.hpc.icm.edu.pl:41419 (size: 34.7 KiB, free: 413.8 MiB)
25/10/26 23:21:54 INFO SparkContext: Created broadcast 2 from count at NativeMethodAccessorImpl.java:0
25/10/26 23:21:54 INFO FileSourceScanExec: Planning scan with bin packing, max size: 55341818 bytes, open cost is considered as scanning 4194304 bytes.
25/10/26 23:21:54 INFO DAGScheduler: Registering RDD 7 (count at NativeMethodAccessorImpl.java:0) as input to shuffle 0
25/10/26 23:21:54 INFO DAGScheduler: Got map stage job 2 (count at NativeMethodAccessorImpl.java:0) with 1 output partitions
25/10/26 23:21:54 INFO DAGScheduler: Final stage: ShuffleMapStage 2 (count at NativeMethodAccessorImpl.java:0)
25/10/26 23:21:54 INFO DAGScheduler: Parents of final stage: List()
25/10/26 23:21:54 INFO DAGScheduler: Missing parents: List()
25/10/26 23:21:54 INFO DAGScheduler: Submitting ShuffleMapStage 2 (MapPartitionsRDD[7] at count at NativeMethodAccessorImpl.java:0), which has no missing parents
25/10/26 23:21:54 INFO BlockManagerInfo: Removed broadcast_1_piece0 on t1-11.hpc.icm.edu.pl:41419 in memory (size: 37.2 KiB, free: 413.9 MiB)
25/10/26 23:21:54 INFO MemoryStore: Block broadcast_3 stored as values in memory (estimated size 16.8 KiB, free 413.5 MiB)
25/10/26 23:21:54 INFO MemoryStore: Block broadcast_3_piece0 stored as bytes in memory (estimated size 7.7 KiB, free 413.5 MiB)
25/10/26 23:21:54 INFO BlockManagerInfo: Added broadcast_3_piece0 in memory on t1-11.hpc.icm.edu.pl:41419 (size: 7.7 KiB, free: 413.8 MiB)
25/10/26 23:21:54 INFO SparkContext: Created broadcast 3 from broadcast at DAGScheduler.scala:1580
25/10/26 23:21:54 INFO DAGScheduler: Submitting 1 missing tasks from ShuffleMapStage 2 (MapPartitionsRDD[7] at count at NativeMethodAccessorImpl.java:0) (first 15 tasks are for partitions Vector(0))
25/10/26 23:21:54 INFO TaskSchedulerImpl: Adding task set 2.0 with 1 tasks resource profile 0
25/10/26 23:21:54 INFO TaskSetManager: Starting task 0.0 in stage 2.0 (TID 2) (t1-11.hpc.icm.edu.pl, executor driver, partition 0, PROCESS_LOCAL, 8587 bytes) 
25/10/26 23:21:54 INFO Executor: Running task 0.0 in stage 2.0 (TID 2)
25/10/26 23:21:54 INFO BlockManagerInfo: Removed broadcast_0_piece0 on t1-11.hpc.icm.edu.pl:41419 in memory (size: 37.2 KiB, free: 413.9 MiB)
25/10/26 23:21:54 INFO CodeGenerator: Code generated in 34.34363 ms
25/10/26 23:21:54 INFO FileScanRDD: Reading File path: file:///lu/topola/home/lboro/omics-projekt-semestralny/data/danio_protein.adam/part-r-00000.gz.parquet, range: 0-14311938, partition values: [empty row]
25/10/26 23:21:54 INFO FileScanRDD: Reading File path: file:///lu/topola/home/lboro/omics-projekt-semestralny/data/danio_protein.adam/part-r-00001.gz.parquet, range: 0-14288646, partition values: [empty row]
25/10/26 23:21:54 INFO FileScanRDD: Reading File path: file:///lu/topola/home/lboro/omics-projekt-semestralny/data/danio_protein.adam/part-r-00002.gz.parquet, range: 0-14158322, partition values: [empty row]
25/10/26 23:21:54 INFO Executor: Finished task 0.0 in stage 2.0 (TID 2). 2187 bytes result sent to driver
25/10/26 23:21:54 INFO TaskSetManager: Finished task 0.0 in stage 2.0 (TID 2) in 409 ms on t1-11.hpc.icm.edu.pl (executor driver) (1/1)
25/10/26 23:21:54 INFO DAGScheduler: ShuffleMapStage 2 (count at NativeMethodAccessorImpl.java:0) finished in 0.486 s
25/10/26 23:21:54 INFO DAGScheduler: looking for newly runnable stages
25/10/26 23:21:54 INFO DAGScheduler: running: Set()
25/10/26 23:21:54 INFO DAGScheduler: waiting: Set()
25/10/26 23:21:54 INFO DAGScheduler: failed: Set()
25/10/26 23:21:54 INFO TaskSchedulerImpl: Removed TaskSet 2.0, whose tasks have all completed, from pool 
25/10/26 23:21:54 INFO CodeGenerator: Code generated in 39.986702 ms
25/10/26 23:21:55 INFO SparkContext: Starting job: count at NativeMethodAccessorImpl.java:0
25/10/26 23:21:55 INFO DAGScheduler: Got job 3 (count at NativeMethodAccessorImpl.java:0) with 1 output partitions
25/10/26 23:21:55 INFO DAGScheduler: Final stage: ResultStage 4 (count at NativeMethodAccessorImpl.java:0)
25/10/26 23:21:55 INFO DAGScheduler: Parents of final stage: List(ShuffleMapStage 3)
25/10/26 23:21:55 INFO DAGScheduler: Missing parents: List()
25/10/26 23:21:55 INFO DAGScheduler: Submitting ResultStage 4 (MapPartitionsRDD[10] at count at NativeMethodAccessorImpl.java:0), which has no missing parents
25/10/26 23:21:55 INFO MemoryStore: Block broadcast_4 stored as values in memory (estimated size 12.5 KiB, free 413.7 MiB)
25/10/26 23:21:55 INFO MemoryStore: Block broadcast_4_piece0 stored as bytes in memory (estimated size 5.9 KiB, free 413.7 MiB)
25/10/26 23:21:55 INFO BlockManagerInfo: Added broadcast_4_piece0 in memory on t1-11.hpc.icm.edu.pl:41419 (size: 5.9 KiB, free: 413.9 MiB)
25/10/26 23:21:55 INFO SparkContext: Created broadcast 4 from broadcast at DAGScheduler.scala:1580
25/10/26 23:21:55 INFO DAGScheduler: Submitting 1 missing tasks from ResultStage 4 (MapPartitionsRDD[10] at count at NativeMethodAccessorImpl.java:0) (first 15 tasks are for partitions Vector(0))
25/10/26 23:21:55 INFO TaskSchedulerImpl: Adding task set 4.0 with 1 tasks resource profile 0
25/10/26 23:21:55 INFO TaskSetManager: Starting task 0.0 in stage 4.0 (TID 3) (t1-11.hpc.icm.edu.pl, executor driver, partition 0, NODE_LOCAL, 7615 bytes) 
25/10/26 23:21:55 INFO Executor: Running task 0.0 in stage 4.0 (TID 3)
25/10/26 23:21:55 INFO ShuffleBlockFetcherIterator: Getting 1 (60.0 B) non-empty blocks including 1 (60.0 B) local and 0 (0.0 B) host-local and 0 (0.0 B) push-merged-local and 0 (0.0 B) remote blocks
25/10/26 23:21:55 INFO ShuffleBlockFetcherIterator: Started 0 remote fetches in 20 ms
25/10/26 23:21:55 INFO CodeGenerator: Code generated in 32.385124 ms
25/10/26 23:21:55 INFO Executor: Finished task 0.0 in stage 4.0 (TID 3). 4038 bytes result sent to driver
25/10/26 23:21:55 INFO TaskSetManager: Finished task 0.0 in stage 4.0 (TID 3) in 113 ms on t1-11.hpc.icm.edu.pl (executor driver) (1/1)
25/10/26 23:21:55 INFO DAGScheduler: ResultStage 4 (count at NativeMethodAccessorImpl.java:0) finished in 0.143 s
25/10/26 23:21:55 INFO DAGScheduler: Job 3 is finished. Cancelling potential speculative or zombie tasks for this job
25/10/26 23:21:55 INFO TaskSchedulerImpl: Removed TaskSet 4.0, whose tasks have all completed, from pool 
25/10/26 23:21:55 INFO TaskSchedulerImpl: Killing all running tasks in stage 4: Stage finished
25/10/26 23:21:55 INFO DAGScheduler: Job 3 finished: count at NativeMethodAccessorImpl.java:0, took 0.158413 s
25/10/26 23:21:55 INFO FileSourceStrategy: Pushed Filters: 
25/10/26 23:21:55 INFO FileSourceStrategy: Post-Scan Filters: 
25/10/26 23:21:55 INFO MemoryStore: Block broadcast_5 stored as values in memory (estimated size 200.7 KiB, free 413.5 MiB)
25/10/26 23:21:55 INFO MemoryStore: Block broadcast_5_piece0 stored as bytes in memory (estimated size 34.7 KiB, free 413.4 MiB)
25/10/26 23:21:55 INFO BlockManagerInfo: Added broadcast_5_piece0 in memory on t1-11.hpc.icm.edu.pl:41419 (size: 34.7 KiB, free: 413.8 MiB)
25/10/26 23:21:55 INFO SparkContext: Created broadcast 5 from count at NativeMethodAccessorImpl.java:0
25/10/26 23:21:55 INFO FileSourceScanExec: Planning scan with bin packing, max size: 52009922 bytes, open cost is considered as scanning 4194304 bytes.
25/10/26 23:21:55 INFO DAGScheduler: Registering RDD 14 (count at NativeMethodAccessorImpl.java:0) as input to shuffle 1
25/10/26 23:21:55 INFO DAGScheduler: Got map stage job 4 (count at NativeMethodAccessorImpl.java:0) with 1 output partitions
25/10/26 23:21:55 INFO DAGScheduler: Final stage: ShuffleMapStage 5 (count at NativeMethodAccessorImpl.java:0)
25/10/26 23:21:55 INFO DAGScheduler: Parents of final stage: List()
25/10/26 23:21:55 INFO DAGScheduler: Missing parents: List()
25/10/26 23:21:55 INFO DAGScheduler: Submitting ShuffleMapStage 5 (MapPartitionsRDD[14] at count at NativeMethodAccessorImpl.java:0), which has no missing parents
25/10/26 23:21:55 INFO MemoryStore: Block broadcast_6 stored as values in memory (estimated size 16.8 KiB, free 413.4 MiB)
25/10/26 23:21:55 INFO MemoryStore: Block broadcast_6_piece0 stored as bytes in memory (estimated size 7.7 KiB, free 413.4 MiB)
25/10/26 23:21:55 INFO BlockManagerInfo: Added broadcast_6_piece0 in memory on t1-11.hpc.icm.edu.pl:41419 (size: 7.7 KiB, free: 413.8 MiB)
25/10/26 23:21:55 INFO SparkContext: Created broadcast 6 from broadcast at DAGScheduler.scala:1580
25/10/26 23:21:55 INFO DAGScheduler: Submitting 1 missing tasks from ShuffleMapStage 5 (MapPartitionsRDD[14] at count at NativeMethodAccessorImpl.java:0) (first 15 tasks are for partitions Vector(0))
25/10/26 23:21:55 INFO TaskSchedulerImpl: Adding task set 5.0 with 1 tasks resource profile 0
25/10/26 23:21:55 INFO TaskSetManager: Starting task 0.0 in stage 5.0 (TID 4) (t1-11.hpc.icm.edu.pl, executor driver, partition 0, PROCESS_LOCAL, 8584 bytes) 
25/10/26 23:21:55 INFO Executor: Running task 0.0 in stage 5.0 (TID 4)
25/10/26 23:21:55 INFO FileScanRDD: Reading File path: file:///lu/topola/home/lboro/omics-projekt-semestralny/data/mysz_protein.adam/part-r-00002.gz.parquet, range: 0-13172102, partition values: [empty row]
25/10/26 23:21:55 INFO FileScanRDD: Reading File path: file:///lu/topola/home/lboro/omics-projekt-semestralny/data/mysz_protein.adam/part-r-00000.gz.parquet, range: 0-13149302, partition values: [empty row]
25/10/26 23:21:55 INFO FileScanRDD: Reading File path: file:///lu/topola/home/lboro/omics-projekt-semestralny/data/mysz_protein.adam/part-r-00001.gz.parquet, range: 0-13105606, partition values: [empty row]
25/10/26 23:21:55 INFO Executor: Finished task 0.0 in stage 5.0 (TID 4). 2144 bytes result sent to driver
25/10/26 23:21:55 INFO TaskSetManager: Finished task 0.0 in stage 5.0 (TID 4) in 79 ms on t1-11.hpc.icm.edu.pl (executor driver) (1/1)
25/10/26 23:21:55 INFO TaskSchedulerImpl: Removed TaskSet 5.0, whose tasks have all completed, from pool 
25/10/26 23:21:55 INFO DAGScheduler: ShuffleMapStage 5 (count at NativeMethodAccessorImpl.java:0) finished in 0.090 s
25/10/26 23:21:55 INFO DAGScheduler: looking for newly runnable stages
25/10/26 23:21:55 INFO DAGScheduler: running: Set()
25/10/26 23:21:55 INFO DAGScheduler: waiting: Set()
25/10/26 23:21:55 INFO DAGScheduler: failed: Set()
25/10/26 23:21:55 INFO SparkContext: Starting job: count at NativeMethodAccessorImpl.java:0
25/10/26 23:21:55 INFO DAGScheduler: Got job 5 (count at NativeMethodAccessorImpl.java:0) with 1 output partitions
25/10/26 23:21:55 INFO DAGScheduler: Final stage: ResultStage 7 (count at NativeMethodAccessorImpl.java:0)
25/10/26 23:21:55 INFO DAGScheduler: Parents of final stage: List(ShuffleMapStage 6)
25/10/26 23:21:55 INFO DAGScheduler: Missing parents: List()
25/10/26 23:21:55 INFO DAGScheduler: Submitting ResultStage 7 (MapPartitionsRDD[17] at count at NativeMethodAccessorImpl.java:0), which has no missing parents
25/10/26 23:21:55 INFO MemoryStore: Block broadcast_7 stored as values in memory (estimated size 12.5 KiB, free 413.4 MiB)
25/10/26 23:21:55 INFO MemoryStore: Block broadcast_7_piece0 stored as bytes in memory (estimated size 5.9 KiB, free 413.4 MiB)
25/10/26 23:21:55 INFO BlockManagerInfo: Added broadcast_7_piece0 in memory on t1-11.hpc.icm.edu.pl:41419 (size: 5.9 KiB, free: 413.8 MiB)
25/10/26 23:21:55 INFO SparkContext: Created broadcast 7 from broadcast at DAGScheduler.scala:1580
25/10/26 23:21:55 INFO DAGScheduler: Submitting 1 missing tasks from ResultStage 7 (MapPartitionsRDD[17] at count at NativeMethodAccessorImpl.java:0) (first 15 tasks are for partitions Vector(0))
25/10/26 23:21:55 INFO TaskSchedulerImpl: Adding task set 7.0 with 1 tasks resource profile 0
25/10/26 23:21:55 INFO TaskSetManager: Starting task 0.0 in stage 7.0 (TID 5) (t1-11.hpc.icm.edu.pl, executor driver, partition 0, NODE_LOCAL, 7615 bytes) 
25/10/26 23:21:55 INFO Executor: Running task 0.0 in stage 7.0 (TID 5)
25/10/26 23:21:55 INFO ShuffleBlockFetcherIterator: Getting 1 (60.0 B) non-empty blocks including 1 (60.0 B) local and 0 (0.0 B) host-local and 0 (0.0 B) push-merged-local and 0 (0.0 B) remote blocks
25/10/26 23:21:55 INFO ShuffleBlockFetcherIterator: Started 0 remote fetches in 1 ms
25/10/26 23:21:55 INFO Executor: Finished task 0.0 in stage 7.0 (TID 5). 3995 bytes result sent to driver
25/10/26 23:21:55 INFO TaskSetManager: Finished task 0.0 in stage 7.0 (TID 5) in 16 ms on t1-11.hpc.icm.edu.pl (executor driver) (1/1)
25/10/26 23:21:55 INFO TaskSchedulerImpl: Removed TaskSet 7.0, whose tasks have all completed, from pool 
25/10/26 23:21:55 INFO DAGScheduler: ResultStage 7 (count at NativeMethodAccessorImpl.java:0) finished in 0.026 s
25/10/26 23:21:55 INFO DAGScheduler: Job 5 is finished. Cancelling potential speculative or zombie tasks for this job
25/10/26 23:21:55 INFO TaskSchedulerImpl: Killing all running tasks in stage 7: Stage finished
25/10/26 23:21:55 INFO DAGScheduler: Job 5 finished: count at NativeMethodAccessorImpl.java:0, took 0.034912 s
25/10/26 23:21:55 INFO FileSourceStrategy: Pushed Filters: 
25/10/26 23:21:55 INFO FileSourceStrategy: Post-Scan Filters: 
25/10/26 23:21:55 INFO FileSourceStrategy: Pushed Filters: 
25/10/26 23:21:55 INFO FileSourceStrategy: Post-Scan Filters: 
25/10/26 23:21:56 INFO CodeGenerator: Code generated in 46.262381 ms
25/10/26 23:21:56 INFO CodeGenerator: Code generated in 65.594081 ms
25/10/26 23:21:56 INFO MemoryStore: Block broadcast_8 stored as values in memory (estimated size 200.8 KiB, free 413.2 MiB)
25/10/26 23:21:56 INFO MemoryStore: Block broadcast_8_piece0 stored as bytes in memory (estimated size 34.9 KiB, free 413.2 MiB)
25/10/26 23:21:56 INFO BlockManagerInfo: Added broadcast_8_piece0 in memory on t1-11.hpc.icm.edu.pl:41419 (size: 34.9 KiB, free: 413.8 MiB)
25/10/26 23:21:56 INFO SparkContext: Created broadcast 8 from javaToPython at NativeMethodAccessorImpl.java:0
25/10/26 23:21:56 INFO FileSourceScanExec: Planning scan with bin packing, max size: 55341818 bytes, open cost is considered as scanning 4194304 bytes.
25/10/26 23:21:56 INFO CodeGenerator: Code generated in 33.037901 ms
25/10/26 23:21:56 INFO CodeGenerator: Code generated in 35.615426 ms
25/10/26 23:21:56 INFO MemoryStore: Block broadcast_9 stored as values in memory (estimated size 200.8 KiB, free 413.0 MiB)
25/10/26 23:21:56 INFO MemoryStore: Block broadcast_9_piece0 stored as bytes in memory (estimated size 34.9 KiB, free 412.9 MiB)
25/10/26 23:21:56 INFO BlockManagerInfo: Added broadcast_9_piece0 in memory on t1-11.hpc.icm.edu.pl:41419 (size: 34.9 KiB, free: 413.8 MiB)
25/10/26 23:21:56 INFO SparkContext: Created broadcast 9 from javaToPython at NativeMethodAccessorImpl.java:0
25/10/26 23:21:56 INFO FileSourceScanExec: Planning scan with bin packing, max size: 52009922 bytes, open cost is considered as scanning 4194304 bytes.
25/10/26 23:21:56 INFO SparkContext: Starting job: collect at /lu/topola/home/lboro/omics-projekt-semestralny/minhash.py:93
25/10/26 23:21:56 INFO DAGScheduler: Registering RDD 35 (distinct at /lu/topola/home/lboro/omics-projekt-semestralny/minhash.py:93) as input to shuffle 2
25/10/26 23:21:56 INFO DAGScheduler: Got job 6 (collect at /lu/topola/home/lboro/omics-projekt-semestralny/minhash.py:93) with 2 output partitions
25/10/26 23:21:56 INFO DAGScheduler: Final stage: ResultStage 9 (collect at /lu/topola/home/lboro/omics-projekt-semestralny/minhash.py:93)
25/10/26 23:21:56 INFO DAGScheduler: Parents of final stage: List(ShuffleMapStage 8)
25/10/26 23:21:56 INFO DAGScheduler: Missing parents: List(ShuffleMapStage 8)
25/10/26 23:21:56 INFO DAGScheduler: Submitting ShuffleMapStage 8 (PairwiseRDD[35] at distinct at /lu/topola/home/lboro/omics-projekt-semestralny/minhash.py:93), which has no missing parents
25/10/26 23:21:56 INFO MemoryStore: Block broadcast_10 stored as values in memory (estimated size 51.8 KiB, free 412.9 MiB)
25/10/26 23:21:56 INFO MemoryStore: Block broadcast_10_piece0 stored as bytes in memory (estimated size 23.2 KiB, free 412.8 MiB)
25/10/26 23:21:56 INFO BlockManagerInfo: Added broadcast_10_piece0 in memory on t1-11.hpc.icm.edu.pl:41419 (size: 23.2 KiB, free: 413.7 MiB)
25/10/26 23:21:56 INFO SparkContext: Created broadcast 10 from broadcast at DAGScheduler.scala:1580
25/10/26 23:21:56 INFO DAGScheduler: Submitting 2 missing tasks from ShuffleMapStage 8 (PairwiseRDD[35] at distinct at /lu/topola/home/lboro/omics-projekt-semestralny/minhash.py:93) (first 15 tasks are for partitions Vector(0, 1))
25/10/26 23:21:56 INFO TaskSchedulerImpl: Adding task set 8.0 with 2 tasks resource profile 0
25/10/26 23:21:56 INFO TaskSetManager: Starting task 0.0 in stage 8.0 (TID 6) (t1-11.hpc.icm.edu.pl, executor driver, partition 0, PROCESS_LOCAL, 8696 bytes) 
25/10/26 23:21:56 INFO Executor: Running task 0.0 in stage 8.0 (TID 6)
25/10/26 23:21:56 INFO CodeGenerator: Code generated in 36.872866 ms
25/10/26 23:21:56 INFO CodeGenerator: Code generated in 13.987587 ms
25/10/26 23:21:57 INFO FileScanRDD: Reading File path: file:///lu/topola/home/lboro/omics-projekt-semestralny/data/danio_protein.adam/part-r-00000.gz.parquet, range: 0-14311938, partition values: [empty row]
25/10/26 23:21:57 INFO CodeGenerator: Code generated in 17.028627 ms
25/10/26 23:21:57 INFO CodeGenerator: Code generated in 38.871822 ms
25/10/26 23:21:57 INFO CodecPool: Got brand-new decompressor [.gz]
25/10/26 23:21:58 INFO FileScanRDD: Reading File path: file:///lu/topola/home/lboro/omics-projekt-semestralny/data/danio_protein.adam/part-r-00001.gz.parquet, range: 0-14288646, partition values: [empty row]
25/10/26 23:21:59 INFO CodecPool: Got brand-new decompressor [.gz]
25/10/26 23:21:59 INFO BlockManagerInfo: Removed broadcast_6_piece0 on t1-11.hpc.icm.edu.pl:41419 in memory (size: 7.7 KiB, free: 413.7 MiB)
25/10/26 23:21:59 INFO BlockManagerInfo: Removed broadcast_3_piece0 on t1-11.hpc.icm.edu.pl:41419 in memory (size: 7.7 KiB, free: 413.8 MiB)
25/10/26 23:21:59 INFO BlockManagerInfo: Removed broadcast_7_piece0 on t1-11.hpc.icm.edu.pl:41419 in memory (size: 5.9 KiB, free: 413.8 MiB)
25/10/26 23:21:59 INFO BlockManagerInfo: Removed broadcast_5_piece0 on t1-11.hpc.icm.edu.pl:41419 in memory (size: 34.7 KiB, free: 413.8 MiB)
25/10/26 23:21:59 INFO BlockManagerInfo: Removed broadcast_4_piece0 on t1-11.hpc.icm.edu.pl:41419 in memory (size: 5.9 KiB, free: 413.8 MiB)
25/10/26 23:21:59 INFO FileScanRDD: Reading File path: file:///lu/topola/home/lboro/omics-projekt-semestralny/data/danio_protein.adam/part-r-00002.gz.parquet, range: 0-14158322, partition values: [empty row]
25/10/26 23:21:59 INFO CodecPool: Got brand-new decompressor [.gz]
25/10/26 23:22:14 INFO PythonUDFRunner: Times: total = 16395, boot = 890, init = 627, finish = 14878
25/10/26 23:22:15 INFO PythonRunner: Times: total = 17447, boot = 2109, init = 348, finish = 14990
25/10/26 23:22:15 INFO Executor: Finished task 0.0 in stage 8.0 (TID 6). 3471 bytes result sent to driver
25/10/26 23:22:15 INFO TaskSetManager: Starting task 1.0 in stage 8.0 (TID 7) (t1-11.hpc.icm.edu.pl, executor driver, partition 1, PROCESS_LOCAL, 8693 bytes) 
25/10/26 23:22:15 INFO TaskSetManager: Finished task 0.0 in stage 8.0 (TID 6) in 18994 ms on t1-11.hpc.icm.edu.pl (executor driver) (1/2)
25/10/26 23:22:15 INFO PythonAccumulatorV2: Connected to AccumulatorServer at host: 127.0.0.1 port: 44571
25/10/26 23:22:15 INFO Executor: Running task 1.0 in stage 8.0 (TID 7)
25/10/26 23:22:15 INFO CodeGenerator: Code generated in 35.503826 ms
25/10/26 23:22:15 INFO FileScanRDD: Reading File path: file:///lu/topola/home/lboro/omics-projekt-semestralny/data/mysz_protein.adam/part-r-00002.gz.parquet, range: 0-13172102, partition values: [empty row]
25/10/26 23:22:15 INFO CodeGenerator: Code generated in 10.245553 ms
25/10/26 23:22:16 INFO CodecPool: Got brand-new decompressor [.gz]
25/10/26 23:22:16 INFO FileScanRDD: Reading File path: file:///lu/topola/home/lboro/omics-projekt-semestralny/data/mysz_protein.adam/part-r-00000.gz.parquet, range: 0-13149302, partition values: [empty row]
25/10/26 23:22:17 INFO CodecPool: Got brand-new decompressor [.gz]
25/10/26 23:22:17 INFO FileScanRDD: Reading File path: file:///lu/topola/home/lboro/omics-projekt-semestralny/data/mysz_protein.adam/part-r-00001.gz.parquet, range: 0-13105606, partition values: [empty row]
25/10/26 23:22:18 INFO CodecPool: Got brand-new decompressor [.gz]
25/10/26 23:22:26 INFO PythonUDFRunner: Times: total = 9394, boot = -2512, init = 2923, finish = 8983
25/10/26 23:22:27 INFO PythonRunner: Times: total = 11666, boot = -509, init = 872, finish = 11303
25/10/26 23:22:27 INFO Executor: Finished task 1.0 in stage 8.0 (TID 7). 3471 bytes result sent to driver
25/10/26 23:22:27 INFO TaskSetManager: Finished task 1.0 in stage 8.0 (TID 7) in 11851 ms on t1-11.hpc.icm.edu.pl (executor driver) (2/2)
25/10/26 23:22:27 INFO TaskSchedulerImpl: Removed TaskSet 8.0, whose tasks have all completed, from pool 
25/10/26 23:22:27 INFO DAGScheduler: ShuffleMapStage 8 (distinct at /lu/topola/home/lboro/omics-projekt-semestralny/minhash.py:93) finished in 30.880 s
25/10/26 23:22:27 INFO DAGScheduler: looking for newly runnable stages
25/10/26 23:22:27 INFO DAGScheduler: running: Set()
25/10/26 23:22:27 INFO DAGScheduler: waiting: Set(ResultStage 9)
25/10/26 23:22:27 INFO DAGScheduler: failed: Set()
25/10/26 23:22:27 INFO DAGScheduler: Submitting ResultStage 9 (PythonRDD[38] at collect at /lu/topola/home/lboro/omics-projekt-semestralny/minhash.py:93), which has no missing parents
25/10/26 23:22:27 INFO MemoryStore: Block broadcast_11 stored as values in memory (estimated size 10.7 KiB, free 413.2 MiB)
25/10/26 23:22:27 INFO MemoryStore: Block broadcast_11_piece0 stored as bytes in memory (estimated size 6.3 KiB, free 413.1 MiB)
25/10/26 23:22:27 INFO BlockManagerInfo: Added broadcast_11_piece0 in memory on t1-11.hpc.icm.edu.pl:41419 (size: 6.3 KiB, free: 413.8 MiB)
25/10/26 23:22:27 INFO SparkContext: Created broadcast 11 from broadcast at DAGScheduler.scala:1580
25/10/26 23:22:27 INFO DAGScheduler: Submitting 2 missing tasks from ResultStage 9 (PythonRDD[38] at collect at /lu/topola/home/lboro/omics-projekt-semestralny/minhash.py:93) (first 15 tasks are for partitions Vector(0, 1))
25/10/26 23:22:27 INFO TaskSchedulerImpl: Adding task set 9.0 with 2 tasks resource profile 0
25/10/26 23:22:27 INFO TaskSetManager: Starting task 0.0 in stage 9.0 (TID 8) (t1-11.hpc.icm.edu.pl, executor driver, partition 0, NODE_LOCAL, 7433 bytes) 
25/10/26 23:22:27 INFO Executor: Running task 0.0 in stage 9.0 (TID 8)
25/10/26 23:22:27 INFO ShuffleBlockFetcherIterator: Getting 2 (34.2 KiB) non-empty blocks including 2 (34.2 KiB) local and 0 (0.0 B) host-local and 0 (0.0 B) push-merged-local and 0 (0.0 B) remote blocks
25/10/26 23:22:27 INFO ShuffleBlockFetcherIterator: Started 0 remote fetches in 3 ms
25/10/26 23:22:27 INFO PythonRunner: Times: total = 77, boot = 5, init = 65, finish = 7
25/10/26 23:22:27 INFO Executor: Finished task 0.0 in stage 9.0 (TID 8). 26890 bytes result sent to driver
25/10/26 23:22:27 INFO TaskSetManager: Starting task 1.0 in stage 9.0 (TID 9) (t1-11.hpc.icm.edu.pl, executor driver, partition 1, NODE_LOCAL, 7433 bytes) 
25/10/26 23:22:27 INFO TaskSetManager: Finished task 0.0 in stage 9.0 (TID 8) in 106 ms on t1-11.hpc.icm.edu.pl (executor driver) (1/2)
25/10/26 23:22:27 INFO Executor: Running task 1.0 in stage 9.0 (TID 9)
25/10/26 23:22:27 INFO ShuffleBlockFetcherIterator: Getting 2 (35.8 KiB) non-empty blocks including 2 (35.8 KiB) local and 0 (0.0 B) host-local and 0 (0.0 B) push-merged-local and 0 (0.0 B) remote blocks
25/10/26 23:22:27 INFO ShuffleBlockFetcherIterator: Started 0 remote fetches in 6 ms
25/10/26 23:22:27 INFO PythonRunner: Times: total = 77, boot = 8, init = 63, finish = 6
25/10/26 23:22:27 INFO Executor: Finished task 1.0 in stage 9.0 (TID 9). 27111 bytes result sent to driver
25/10/26 23:22:27 INFO TaskSetManager: Finished task 1.0 in stage 9.0 (TID 9) in 117 ms on t1-11.hpc.icm.edu.pl (executor driver) (2/2)
25/10/26 23:22:27 INFO TaskSchedulerImpl: Removed TaskSet 9.0, whose tasks have all completed, from pool 
25/10/26 23:22:27 INFO DAGScheduler: ResultStage 9 (collect at /lu/topola/home/lboro/omics-projekt-semestralny/minhash.py:93) finished in 0.224 s
25/10/26 23:22:27 INFO DAGScheduler: Job 6 is finished. Cancelling potential speculative or zombie tasks for this job
25/10/26 23:22:27 INFO TaskSchedulerImpl: Killing all running tasks in stage 9: Stage finished
25/10/26 23:22:27 INFO DAGScheduler: Job 6 finished: collect at /lu/topola/home/lboro/omics-projekt-semestralny/minhash.py:93, took 31.121028 s
25/10/26 23:22:28 INFO FileSourceStrategy: Pushed Filters: 
25/10/26 23:22:28 INFO FileSourceStrategy: Post-Scan Filters: 
25/10/26 23:22:28 INFO CodeGenerator: Code generated in 40.717698 ms
25/10/26 23:22:28 INFO CodeGenerator: Code generated in 37.931588 ms
25/10/26 23:22:28 INFO MemoryStore: Block broadcast_12 stored as values in memory (estimated size 200.8 KiB, free 412.9 MiB)
25/10/26 23:22:28 INFO MemoryStore: Block broadcast_12_piece0 stored as bytes in memory (estimated size 34.9 KiB, free 412.9 MiB)
25/10/26 23:22:28 INFO BlockManagerInfo: Added broadcast_12_piece0 in memory on t1-11.hpc.icm.edu.pl:41419 (size: 34.9 KiB, free: 413.8 MiB)
25/10/26 23:22:28 INFO SparkContext: Created broadcast 12 from head at DatasetUtils.scala:218
25/10/26 23:22:28 INFO FileSourceScanExec: Planning scan with bin packing, max size: 55341818 bytes, open cost is considered as scanning 4194304 bytes.
25/10/26 23:22:28 INFO SparkContext: Starting job: head at DatasetUtils.scala:218
25/10/26 23:22:28 INFO DAGScheduler: Got job 7 (head at DatasetUtils.scala:218) with 1 output partitions
25/10/26 23:22:28 INFO DAGScheduler: Final stage: ResultStage 10 (head at DatasetUtils.scala:218)
25/10/26 23:22:28 INFO DAGScheduler: Parents of final stage: List()
25/10/26 23:22:28 INFO DAGScheduler: Missing parents: List()
25/10/26 23:22:28 INFO DAGScheduler: Submitting ResultStage 10 (MapPartitionsRDD[45] at head at DatasetUtils.scala:218), which has no missing parents
25/10/26 23:22:28 INFO MemoryStore: Block broadcast_13 stored as values in memory (estimated size 106.5 KiB, free 412.8 MiB)
25/10/26 23:22:28 INFO MemoryStore: Block broadcast_13_piece0 stored as bytes in memory (estimated size 74.5 KiB, free 412.7 MiB)
25/10/26 23:22:28 INFO BlockManagerInfo: Added broadcast_13_piece0 in memory on t1-11.hpc.icm.edu.pl:41419 (size: 74.5 KiB, free: 413.7 MiB)
25/10/26 23:22:28 INFO SparkContext: Created broadcast 13 from broadcast at DAGScheduler.scala:1580
25/10/26 23:22:28 INFO DAGScheduler: Submitting 1 missing tasks from ResultStage 10 (MapPartitionsRDD[45] at head at DatasetUtils.scala:218) (first 15 tasks are for partitions Vector(0))
25/10/26 23:22:28 INFO TaskSchedulerImpl: Adding task set 10.0 with 1 tasks resource profile 0
25/10/26 23:22:28 INFO TaskSetManager: Starting task 0.0 in stage 10.0 (TID 10) (t1-11.hpc.icm.edu.pl, executor driver, partition 0, PROCESS_LOCAL, 8598 bytes) 
25/10/26 23:22:28 INFO Executor: Running task 0.0 in stage 10.0 (TID 10)
25/10/26 23:22:28 INFO CodeGenerator: Code generated in 13.171967 ms
25/10/26 23:22:28 INFO FileScanRDD: Reading File path: file:///lu/topola/home/lboro/omics-projekt-semestralny/data/danio_protein.adam/part-r-00000.gz.parquet, range: 0-14311938, partition values: [empty row]
25/10/26 23:22:28 INFO CodeGenerator: Code generated in 19.04166 ms
25/10/26 23:22:28 INFO CodeGenerator: Code generated in 61.320683 ms
25/10/26 23:22:28 INFO CodecPool: Got brand-new decompressor [.gz]
25/10/26 23:22:29 INFO Executor: Finished task 0.0 in stage 10.0 (TID 10). 7460 bytes result sent to driver
25/10/26 23:22:29 INFO TaskSetManager: Finished task 0.0 in stage 10.0 (TID 10) in 1428 ms on t1-11.hpc.icm.edu.pl (executor driver) (1/1)
25/10/26 23:22:29 INFO TaskSchedulerImpl: Removed TaskSet 10.0, whose tasks have all completed, from pool 
25/10/26 23:22:29 INFO DAGScheduler: ResultStage 10 (head at DatasetUtils.scala:218) finished in 1.438 s
25/10/26 23:22:29 INFO DAGScheduler: Job 7 is finished. Cancelling potential speculative or zombie tasks for this job
25/10/26 23:22:29 INFO TaskSchedulerImpl: Killing all running tasks in stage 10: Stage finished
25/10/26 23:22:29 INFO DAGScheduler: Job 7 finished: head at DatasetUtils.scala:218, took 1.444427 s
25/10/26 23:22:31 INFO CodeGenerator: Code generated in 17.873705 ms
25/10/26 23:22:32 INFO FileSourceStrategy: Pushed Filters: 
25/10/26 23:22:32 INFO FileSourceStrategy: Post-Scan Filters: 
25/10/26 23:22:32 INFO FileSourceStrategy: Pushed Filters: 
25/10/26 23:22:32 INFO FileSourceStrategy: Post-Scan Filters: 
25/10/26 23:22:32 INFO CodeGenerator: Code generated in 148.624548 ms
25/10/26 23:22:32 INFO CodeGenerator: Code generated in 28.424573 ms
25/10/26 23:22:32 INFO CodeGenerator: Code generated in 14.111218 ms
25/10/26 23:22:32 INFO MemoryStore: Block broadcast_14 stored as values in memory (estimated size 200.9 KiB, free 412.5 MiB)
25/10/26 23:22:32 INFO MemoryStore: Block broadcast_14_piece0 stored as bytes in memory (estimated size 34.9 KiB, free 412.5 MiB)
25/10/26 23:22:32 INFO BlockManagerInfo: Added broadcast_14_piece0 in memory on t1-11.hpc.icm.edu.pl:41419 (size: 34.9 KiB, free: 413.7 MiB)
25/10/26 23:22:32 INFO SparkContext: Created broadcast 14 from $anonfun$withThreadLocalCaptured$1 at FutureTask.java:317
25/10/26 23:22:32 INFO FileSourceScanExec: Planning scan with bin packing, max size: 52009922 bytes, open cost is considered as scanning 4194304 bytes.
25/10/26 23:22:32 INFO SparkContext: Starting job: $anonfun$withThreadLocalCaptured$1 at FutureTask.java:317
25/10/26 23:22:32 INFO DAGScheduler: Got job 8 ($anonfun$withThreadLocalCaptured$1 at FutureTask.java:317) with 1 output partitions
25/10/26 23:22:32 INFO DAGScheduler: Final stage: ResultStage 11 ($anonfun$withThreadLocalCaptured$1 at FutureTask.java:317)
25/10/26 23:22:32 INFO DAGScheduler: Parents of final stage: List()
25/10/26 23:22:32 INFO DAGScheduler: Missing parents: List()
25/10/26 23:22:32 INFO DAGScheduler: Submitting ResultStage 11 (MapPartitionsRDD[55] at $anonfun$withThreadLocalCaptured$1 at FutureTask.java:317), which has no missing parents
25/10/26 23:22:32 INFO MemoryStore: Block broadcast_15 stored as values in memory (estimated size 170.9 KiB, free 412.3 MiB)
25/10/26 23:22:32 INFO MemoryStore: Block broadcast_15_piece0 stored as bytes in memory (estimated size 92.2 KiB, free 412.3 MiB)
25/10/26 23:22:32 INFO BlockManagerInfo: Added broadcast_15_piece0 in memory on t1-11.hpc.icm.edu.pl:41419 (size: 92.2 KiB, free: 413.6 MiB)
25/10/26 23:22:32 INFO SparkContext: Created broadcast 15 from broadcast at DAGScheduler.scala:1580
25/10/26 23:22:32 INFO DAGScheduler: Submitting 1 missing tasks from ResultStage 11 (MapPartitionsRDD[55] at $anonfun$withThreadLocalCaptured$1 at FutureTask.java:317) (first 15 tasks are for partitions Vector(0))
25/10/26 23:22:32 INFO TaskSchedulerImpl: Adding task set 11.0 with 1 tasks resource profile 0
25/10/26 23:22:32 INFO TaskSetManager: Starting task 0.0 in stage 11.0 (TID 11) (t1-11.hpc.icm.edu.pl, executor driver, partition 0, PROCESS_LOCAL, 8595 bytes) 
25/10/26 23:22:32 INFO Executor: Running task 0.0 in stage 11.0 (TID 11)
25/10/26 23:22:32 INFO CodeGenerator: Code generated in 23.264092 ms
25/10/26 23:22:32 INFO CodeGenerator: Code generated in 15.764753 ms
25/10/26 23:22:32 INFO FileScanRDD: Reading File path: file:///lu/topola/home/lboro/omics-projekt-semestralny/data/mysz_protein.adam/part-r-00002.gz.parquet, range: 0-13172102, partition values: [empty row]
25/10/26 23:22:33 INFO CodeGenerator: Code generated in 9.051192 ms
25/10/26 23:22:33 INFO CodeGenerator: Code generated in 53.044648 ms
25/10/26 23:22:33 INFO CodeGenerator: Code generated in 85.274549 ms
25/10/26 23:22:33 INFO CodecPool: Got brand-new decompressor [.gz]
25/10/26 23:22:33 INFO BlockManagerInfo: Removed broadcast_12_piece0 on t1-11.hpc.icm.edu.pl:41419 in memory (size: 34.9 KiB, free: 413.6 MiB)
25/10/26 23:22:33 INFO BlockManagerInfo: Removed broadcast_11_piece0 on t1-11.hpc.icm.edu.pl:41419 in memory (size: 6.3 KiB, free: 413.6 MiB)
25/10/26 23:22:33 INFO BlockManagerInfo: Removed broadcast_13_piece0 on t1-11.hpc.icm.edu.pl:41419 in memory (size: 74.5 KiB, free: 413.7 MiB)
25/10/26 23:22:33 INFO CodeGenerator: Code generated in 265.649867 ms
25/10/26 23:22:33 INFO FileScanRDD: Reading File path: file:///lu/topola/home/lboro/omics-projekt-semestralny/data/mysz_protein.adam/part-r-00000.gz.parquet, range: 0-13149302, partition values: [empty row]
25/10/26 23:22:34 INFO CodecPool: Got brand-new decompressor [.gz]
25/10/26 23:22:34 INFO FileScanRDD: Reading File path: file:///lu/topola/home/lboro/omics-projekt-semestralny/data/mysz_protein.adam/part-r-00001.gz.parquet, range: 0-13105606, partition values: [empty row]
25/10/26 23:22:34 INFO CodecPool: Got brand-new decompressor [.gz]
25/10/26 23:22:35 INFO CodeGenerator: Code generated in 36.922316 ms
25/10/26 23:22:35 INFO CodeGenerator: Code generated in 19.93736 ms
25/10/26 23:22:57 INFO PythonUDFRunner: Times: total = 24052, boot = 17, init = 2143, finish = 21892
25/10/26 23:22:59 INFO PythonUDFRunner: Times: total = 26397, boot = 22, init = 2097, finish = 24278
25/10/26 23:23:00 INFO BlockManagerInfo: Removed broadcast_2_piece0 on t1-11.hpc.icm.edu.pl:41419 in memory (size: 34.7 KiB, free: 413.7 MiB)
25/10/26 23:23:00 INFO MemoryStore: Block taskresult_11 stored as bytes in memory (estimated size 306.8 MiB, free 106.1 MiB)
25/10/26 23:23:00 INFO BlockManagerInfo: Added taskresult_11 in memory on t1-11.hpc.icm.edu.pl:41419 (size: 306.8 MiB, free: 106.9 MiB)
25/10/26 23:23:00 INFO Executor: Finished task 0.0 in stage 11.0 (TID 11). 321676559 bytes result sent via BlockManager)
25/10/26 23:23:00 INFO BlockManagerInfo: Removed broadcast_10_piece0 on t1-11.hpc.icm.edu.pl:41419 in memory (size: 23.2 KiB, free: 107.0 MiB)
25/10/26 23:23:00 INFO TransportClientFactory: Successfully created connection to t1-11.hpc.icm.edu.pl/10.5.101.11:41419 after 93 ms (0 ms spent in bootstraps)
25/10/26 23:23:03 ERROR TaskResultGetter: Exception while getting task result
java.lang.IllegalStateException: unread block data
	at java.base/java.io.ObjectInputStream$BlockDataInputStream.setBlockDataMode(ObjectInputStream.java:3055)
	at java.base/java.io.ObjectInputStream.readObject0(ObjectInputStream.java:1797)
	at java.base/java.io.ObjectInputStream.readArray(ObjectInputStream.java:2186)
	at java.base/java.io.ObjectInputStream.readObject0(ObjectInputStream.java:1750)
	at java.base/java.io.ObjectInputStream.readObject(ObjectInputStream.java:540)
	at java.base/java.io.ObjectInputStream.readObject(ObjectInputStream.java:498)
	at org.apache.spark.serializer.JavaDeserializationStream.readObject(JavaSerializer.scala:87)
	at org.apache.spark.serializer.SerializerHelper$.deserializeFromChunkedBuffer(SerializerHelper.scala:52)
	at org.apache.spark.scheduler.DirectTaskResult.value(TaskResult.scala:108)
	at org.apache.spark.scheduler.TaskResultGetter$$anon$3.$anonfun$run$1(TaskResultGetter.scala:102)
	at scala.runtime.java8.JFunction0$mcV$sp.apply(JFunction0$mcV$sp.java:23)
	at org.apache.spark.util.Utils$.logUncaughtExceptions(Utils.scala:1928)
	at org.apache.spark.scheduler.TaskResultGetter$$anon$3.run(TaskResultGetter.scala:63)
	at java.base/java.util.concurrent.ThreadPoolExecutor.runWorker(ThreadPoolExecutor.java:1144)
	at java.base/java.util.concurrent.ThreadPoolExecutor$Worker.run(ThreadPoolExecutor.java:642)
	at java.base/java.lang.Thread.run(Thread.java:1583)
25/10/26 23:23:03 INFO TaskSchedulerImpl: Removed TaskSet 11.0, whose tasks have all completed, from pool 
25/10/26 23:23:03 INFO TaskSchedulerImpl: Cancelling stage 11
25/10/26 23:23:03 INFO TaskSchedulerImpl: Killing all running tasks in stage 11: Stage cancelled: Job aborted due to stage failure: Exception while getting task result: java.lang.IllegalStateException: unread block data
25/10/26 23:23:03 INFO DAGScheduler: ResultStage 11 ($anonfun$withThreadLocalCaptured$1 at FutureTask.java:317) failed in 30.233 s due to Job aborted due to stage failure: Exception while getting task result: java.lang.IllegalStateException: unread block data
25/10/26 23:23:03 INFO DAGScheduler: Job 8 failed: $anonfun$withThreadLocalCaptured$1 at FutureTask.java:317, took 30.240487 s
25/10/26 23:23:03 INFO BlockManagerInfo: Removed broadcast_15_piece0 on t1-11.hpc.icm.edu.pl:41419 in memory (size: 92.2 KiB, free: 107.0 MiB)
25/10/26 23:23:03 INFO SparkContext: Invoking stop() from shutdown hook
25/10/26 23:23:03 INFO SparkContext: SparkContext is stopping with exitCode 0.
25/10/26 23:23:03 INFO SparkUI: Stopped Spark web UI at http://t1-11.hpc.icm.edu.pl:4043
25/10/26 23:23:03 INFO MapOutputTrackerMasterEndpoint: MapOutputTrackerMasterEndpoint stopped!
25/10/26 23:23:03 INFO MemoryStore: MemoryStore cleared
25/10/26 23:23:03 INFO BlockManager: BlockManager stopped
25/10/26 23:23:03 INFO BlockManagerMaster: BlockManagerMaster stopped
25/10/26 23:23:03 INFO OutputCommitCoordinator$OutputCommitCoordinatorEndpoint: OutputCommitCoordinator stopped!
25/10/26 23:23:03 INFO SparkContext: Successfully stopped SparkContext
25/10/26 23:23:03 INFO ShutdownHookManager: Shutdown hook called
25/10/26 23:23:03 INFO ShutdownHookManager: Deleting directory /tmp/spark-6ff71acb-deca-4a7e-bf47-767afa8bc12b
25/10/26 23:23:03 INFO ShutdownHookManager: Deleting directory /tmp/spark-08642362-80a0-426f-82ce-d98ccc33968e
25/10/26 23:23:03 INFO ShutdownHookManager: Deleting directory /tmp/spark-6ff71acb-deca-4a7e-bf47-767afa8bc12b/pyspark-339c16a9-b2eb-47a8-9890-90fa19343a59
Command exited with non-zero status 1
	Command being timed: "spark-submit --executor-cores 1 minhash.py"
	User time (seconds): 49.24
	System time (seconds): 2.17
	Percent of CPU this job got: 60%
	Elapsed (wall clock) time (h:mm:ss or m:ss): 1m 25.12s
	Average shared text size (kbytes): 0
	Average unshared data size (kbytes): 0
	Average stack size (kbytes): 0
	Average total size (kbytes): 0
	Maximum resident set size (kbytes): 5537504
	Average resident set size (kbytes): 0
	Major (requiring I/O) page faults: 813
	Minor (reclaiming a frame) page faults: 277040
	Voluntary context switches: 44222
	Involuntary context switches: 44793
	Swaps: 0
	File system inputs: 380392
	File system outputs: 0
	Socket messages sent: 0
	Socket messages received: 0
	Signals delivered: 0
	Page size (bytes): 4096
	Exit status: 1
srun: error: t1-11: task 0: Exited with exit code 1
